2025-03-14 14:52:25 [scrapy.utils.log] INFO: Scrapy 2.12.0 started (bot: scrapy_log_37)
2025-03-14 14:52:25 [scrapy.utils.log] INFO: Versions: lxml 5.3.0.0, libxml2 2.11.7, cssselect 1.2.0, parsel 1.10.0, w3lib 2.3.1, Twisted 24.11.0, Python 3.12.6 (tags/v3.12.6:a4a2d2b, Sep  6 2024, 20:11:23) [MSC v.1940 64 bit (AMD64)], pyOpenSSL 25.0.0 (OpenSSL 3.4.1 11 Feb 2025), cryptography 44.0.1, Platform Windows-11-10.0.26100-SP0
2025-03-14 14:52:25 [scrapy.addons] INFO: Enabled addons:
[]
2025-03-14 14:52:25 [asyncio] DEBUG: Using selector: SelectSelector
2025-03-14 14:52:25 [scrapy.utils.log] DEBUG: Using reactor: twisted.internet.asyncioreactor.AsyncioSelectorReactor
2025-03-14 14:52:25 [scrapy.utils.log] DEBUG: Using asyncio event loop: asyncio.windows_events._WindowsSelectorEventLoop
2025-03-14 14:52:25 [scrapy.utils.log] DEBUG: Using reactor: twisted.internet.asyncioreactor.AsyncioSelectorReactor
2025-03-14 14:52:25 [scrapy.utils.log] DEBUG: Using asyncio event loop: asyncio.windows_events._WindowsSelectorEventLoop
2025-03-14 14:52:25 [scrapy.extensions.telnet] INFO: Telnet Password: 5eeda3392f650419
2025-03-14 14:52:25 [scrapy.middleware] INFO: Enabled extensions:
['scrapy.extensions.corestats.CoreStats',
 'scrapy.extensions.telnet.TelnetConsole',
 'scrapy.extensions.logstats.LogStats']
2025-03-14 14:52:25 [scrapy.crawler] INFO: Overridden settings:
{'BOT_NAME': 'scrapy_log_37',
 'FEED_EXPORT_ENCODING': 'utf-8',
 'LOG_FILE': 'logdome.log',
 'NEWSPIDER_MODULE': 'scrapy_log_37.spiders',
 'SPIDER_MODULES': ['scrapy_log_37.spiders'],
 'TWISTED_REACTOR': 'twisted.internet.asyncioreactor.AsyncioSelectorReactor'}
2025-03-14 14:52:25 [scrapy.middleware] INFO: Enabled downloader middlewares:
['scrapy.downloadermiddlewares.offsite.OffsiteMiddleware',
 'scrapy.downloadermiddlewares.httpauth.HttpAuthMiddleware',
 'scrapy.downloadermiddlewares.downloadtimeout.DownloadTimeoutMiddleware',
 'scrapy.downloadermiddlewares.defaultheaders.DefaultHeadersMiddleware',
 'scrapy.downloadermiddlewares.useragent.UserAgentMiddleware',
 'scrapy.downloadermiddlewares.retry.RetryMiddleware',
 'scrapy.downloadermiddlewares.redirect.MetaRefreshMiddleware',
 'scrapy.downloadermiddlewares.httpcompression.HttpCompressionMiddleware',
 'scrapy.downloadermiddlewares.redirect.RedirectMiddleware',
 'scrapy.downloadermiddlewares.cookies.CookiesMiddleware',
 'scrapy.downloadermiddlewares.httpproxy.HttpProxyMiddleware',
 'scrapy.downloadermiddlewares.stats.DownloaderStats']
2025-03-14 14:52:25 [scrapy.middleware] INFO: Enabled spider middlewares:
['scrapy.spidermiddlewares.httperror.HttpErrorMiddleware',
 'scrapy.spidermiddlewares.referer.RefererMiddleware',
 'scrapy.spidermiddlewares.urllength.UrlLengthMiddleware',
 'scrapy.spidermiddlewares.depth.DepthMiddleware']
2025-03-14 14:52:25 [scrapy.middleware] INFO: Enabled item pipelines:
[]
2025-03-14 14:52:25 [scrapy.core.engine] INFO: Spider opened
2025-03-14 14:52:25 [scrapy.extensions.logstats] INFO: Crawled 0 pages (at 0 pages/min), scraped 0 items (at 0 items/min)
2025-03-14 14:52:25 [scrapy.extensions.telnet] INFO: Telnet console listening on 127.0.0.1:6023
2025-03-14 14:52:26 [scrapy.core.engine] DEBUG: Crawled (200) <GET https://www.baidu.com> (referer: None)
2025-03-14 14:52:26 [scrapy.core.engine] INFO: Closing spider (finished)
2025-03-14 14:52:26 [scrapy.statscollectors] INFO: Dumping Scrapy stats:
{'downloader/request_bytes': 224,
 'downloader/request_count': 1,
 'downloader/request_method_count/GET': 1,
 'downloader/response_bytes': 1511,
 'downloader/response_count': 1,
 'downloader/response_status_count/200': 1,
 'elapsed_time_seconds': 0.463165,
 'finish_reason': 'finished',
 'finish_time': datetime.datetime(2025, 3, 14, 6, 52, 26, 346233, tzinfo=datetime.timezone.utc),
 'httpcompression/response_bytes': 2443,
 'httpcompression/response_count': 1,
 'items_per_minute': None,
 'log_count/DEBUG': 6,
 'log_count/INFO': 10,
 'response_received_count': 1,
 'responses_per_minute': None,
 'scheduler/dequeued': 1,
 'scheduler/dequeued/memory': 1,
 'scheduler/enqueued': 1,
 'scheduler/enqueued/memory': 1,
 'start_time': datetime.datetime(2025, 3, 14, 6, 52, 25, 883068, tzinfo=datetime.timezone.utc)}
2025-03-14 14:52:26 [scrapy.core.engine] INFO: Spider closed (finished)
