2025-03-29 09:03:47 [scrapy.utils.log] INFO: Scrapy 2.12.0 started (bot: yolov8)
2025-03-29 09:03:47 [scrapy.utils.log] INFO: Versions: lxml 5.3.0.0, libxml2 2.11.7, cssselect 1.2.0, parsel 1.10.0, w3lib 2.3.1, Twisted 24.11.0, Python 3.12.6 (tags/v3.12.6:a4a2d2b, Sep  6 2024, 20:11:23) [MSC v.1940 64 bit (AMD64)], pyOpenSSL 25.0.0 (OpenSSL 3.4.1 11 Feb 2025), cryptography 44.0.1, Platform Windows-11-10.0.26100-SP0
2025-03-29 09:03:47 [scrapy.addons] INFO: Enabled addons:
[]
2025-03-29 09:03:47 [asyncio] DEBUG: Using selector: SelectSelector
2025-03-29 09:03:47 [scrapy.utils.log] DEBUG: Using reactor: twisted.internet.asyncioreactor.AsyncioSelectorReactor
2025-03-29 09:03:47 [scrapy.utils.log] DEBUG: Using asyncio event loop: asyncio.windows_events._WindowsSelectorEventLoop
2025-03-29 09:03:47 [scrapy.utils.log] DEBUG: Using reactor: twisted.internet.asyncioreactor.AsyncioSelectorReactor
2025-03-29 09:03:47 [scrapy.utils.log] DEBUG: Using asyncio event loop: asyncio.windows_events._WindowsSelectorEventLoop
2025-03-29 09:03:47 [scrapy.extensions.telnet] INFO: Telnet Password: cd16953363326e3c
2025-03-29 09:03:47 [scrapy.middleware] INFO: Enabled extensions:
['scrapy.extensions.corestats.CoreStats',
 'scrapy.extensions.telnet.TelnetConsole',
 'scrapy.extensions.logstats.LogStats']
2025-03-29 09:03:47 [scrapy.crawler] INFO: Overridden settings:
{'BOT_NAME': 'yolov8',
 'FEED_EXPORT_ENCODING': 'utf-8',
 'LOG_FILE': 'tupian.log',
 'NEWSPIDER_MODULE': 'yolov8.spiders',
 'SPIDER_MODULES': ['yolov8.spiders'],
 'TWISTED_REACTOR': 'twisted.internet.asyncioreactor.AsyncioSelectorReactor'}
2025-03-29 09:03:47 [scrapy.middleware] INFO: Enabled downloader middlewares:
['scrapy.downloadermiddlewares.offsite.OffsiteMiddleware',
 'scrapy.downloadermiddlewares.httpauth.HttpAuthMiddleware',
 'scrapy.downloadermiddlewares.downloadtimeout.DownloadTimeoutMiddleware',
 'scrapy.downloadermiddlewares.defaultheaders.DefaultHeadersMiddleware',
 'scrapy.downloadermiddlewares.useragent.UserAgentMiddleware',
 'scrapy.downloadermiddlewares.retry.RetryMiddleware',
 'scrapy.downloadermiddlewares.redirect.MetaRefreshMiddleware',
 'scrapy.downloadermiddlewares.httpcompression.HttpCompressionMiddleware',
 'scrapy.downloadermiddlewares.redirect.RedirectMiddleware',
 'scrapy.downloadermiddlewares.cookies.CookiesMiddleware',
 'scrapy.downloadermiddlewares.httpproxy.HttpProxyMiddleware',
 'scrapy.downloadermiddlewares.stats.DownloaderStats']
2025-03-29 09:03:47 [scrapy.middleware] INFO: Enabled spider middlewares:
['scrapy.spidermiddlewares.httperror.HttpErrorMiddleware',
 'scrapy.spidermiddlewares.referer.RefererMiddleware',
 'scrapy.spidermiddlewares.urllength.UrlLengthMiddleware',
 'scrapy.spidermiddlewares.depth.DepthMiddleware']
2025-03-29 09:03:47 [scrapy.middleware] INFO: Enabled item pipelines:
[]
2025-03-29 09:03:47 [scrapy.core.engine] INFO: Spider opened
2025-03-29 09:03:47 [scrapy.extensions.logstats] INFO: Crawled 0 pages (at 0 pages/min), scraped 0 items (at 0 items/min)
2025-03-29 09:03:47 [scrapy.extensions.telnet] INFO: Telnet console listening on 127.0.0.1:6023
2025-03-29 09:03:48 [scrapy.core.engine] DEBUG: Crawled (200) <GET https://sc.chinaz.com/tupian/madetupian.html> (referer: None)
2025-03-29 09:04:06 [scrapy.core.engine] DEBUG: Crawled (200) <GET https://sc.chinaz.com/tupian/madetupian_2.html> (referer: https://sc.chinaz.com/tupian/madetupian.html)
2025-03-29 09:04:24 [scrapy.core.engine] DEBUG: Crawled (200) <GET https://sc.chinaz.com/tupian/madetupian_3.html> (referer: https://sc.chinaz.com/tupian/madetupian_2.html)
2025-03-29 09:04:39 [scrapy.core.engine] DEBUG: Crawled (200) <GET https://sc.chinaz.com/tupian/madetupian_4.html> (referer: https://sc.chinaz.com/tupian/madetupian_3.html)
2025-03-29 09:04:52 [scrapy.extensions.logstats] INFO: Crawled 4 pages (at 4 pages/min), scraped 0 items (at 0 items/min)
2025-03-29 09:04:52 [scrapy.core.engine] DEBUG: Crawled (200) <GET https://sc.chinaz.com/tupian/madetupian_5.html> (referer: https://sc.chinaz.com/tupian/madetupian_4.html)
2025-03-29 09:05:07 [scrapy.core.engine] INFO: Closing spider (finished)
2025-03-29 09:05:07 [scrapy.statscollectors] INFO: Dumping Scrapy stats:
{'downloader/request_bytes': 1464,
 'downloader/request_count': 5,
 'downloader/request_method_count/GET': 5,
 'downloader/response_bytes': 32124,
 'downloader/response_count': 5,
 'downloader/response_status_count/200': 5,
 'elapsed_time_seconds': 79.761143,
 'finish_reason': 'finished',
 'finish_time': datetime.datetime(2025, 3, 29, 1, 5, 7, 497331, tzinfo=datetime.timezone.utc),
 'httpcompression/response_bytes': 178489,
 'httpcompression/response_count': 5,
 'items_per_minute': None,
 'log_count/DEBUG': 10,
 'log_count/INFO': 11,
 'request_depth_max': 4,
 'response_received_count': 5,
 'responses_per_minute': None,
 'scheduler/dequeued': 5,
 'scheduler/dequeued/memory': 5,
 'scheduler/enqueued': 5,
 'scheduler/enqueued/memory': 5,
 'start_time': datetime.datetime(2025, 3, 29, 1, 3, 47, 736188, tzinfo=datetime.timezone.utc)}
2025-03-29 09:05:07 [scrapy.core.engine] INFO: Spider closed (finished)
2025-03-29 09:07:44 [scrapy.utils.log] INFO: Scrapy 2.12.0 started (bot: yolov8)
2025-03-29 09:07:45 [scrapy.utils.log] INFO: Versions: lxml 5.3.0.0, libxml2 2.11.7, cssselect 1.2.0, parsel 1.10.0, w3lib 2.3.1, Twisted 24.11.0, Python 3.12.6 (tags/v3.12.6:a4a2d2b, Sep  6 2024, 20:11:23) [MSC v.1940 64 bit (AMD64)], pyOpenSSL 25.0.0 (OpenSSL 3.4.1 11 Feb 2025), cryptography 44.0.1, Platform Windows-11-10.0.26100-SP0
2025-03-29 09:07:45 [scrapy.addons] INFO: Enabled addons:
[]
2025-03-29 09:07:45 [asyncio] DEBUG: Using selector: SelectSelector
2025-03-29 09:07:45 [scrapy.utils.log] DEBUG: Using reactor: twisted.internet.asyncioreactor.AsyncioSelectorReactor
2025-03-29 09:07:45 [scrapy.utils.log] DEBUG: Using asyncio event loop: asyncio.windows_events._WindowsSelectorEventLoop
2025-03-29 09:07:45 [scrapy.utils.log] DEBUG: Using reactor: twisted.internet.asyncioreactor.AsyncioSelectorReactor
2025-03-29 09:07:45 [scrapy.utils.log] DEBUG: Using asyncio event loop: asyncio.windows_events._WindowsSelectorEventLoop
2025-03-29 09:07:45 [scrapy.extensions.telnet] INFO: Telnet Password: 6410c826569b1be5
2025-03-29 09:07:45 [scrapy.middleware] INFO: Enabled extensions:
['scrapy.extensions.corestats.CoreStats',
 'scrapy.extensions.telnet.TelnetConsole',
 'scrapy.extensions.logstats.LogStats']
2025-03-29 09:07:45 [scrapy.crawler] INFO: Overridden settings:
{'BOT_NAME': 'yolov8',
 'FEED_EXPORT_ENCODING': 'utf-8',
 'LOG_FILE': 'tupian.log',
 'NEWSPIDER_MODULE': 'yolov8.spiders',
 'SPIDER_MODULES': ['yolov8.spiders'],
 'TWISTED_REACTOR': 'twisted.internet.asyncioreactor.AsyncioSelectorReactor'}
2025-03-29 09:07:45 [scrapy.middleware] INFO: Enabled downloader middlewares:
['scrapy.downloadermiddlewares.offsite.OffsiteMiddleware',
 'scrapy.downloadermiddlewares.httpauth.HttpAuthMiddleware',
 'scrapy.downloadermiddlewares.downloadtimeout.DownloadTimeoutMiddleware',
 'scrapy.downloadermiddlewares.defaultheaders.DefaultHeadersMiddleware',
 'scrapy.downloadermiddlewares.useragent.UserAgentMiddleware',
 'scrapy.downloadermiddlewares.retry.RetryMiddleware',
 'scrapy.downloadermiddlewares.redirect.MetaRefreshMiddleware',
 'scrapy.downloadermiddlewares.httpcompression.HttpCompressionMiddleware',
 'scrapy.downloadermiddlewares.redirect.RedirectMiddleware',
 'scrapy.downloadermiddlewares.cookies.CookiesMiddleware',
 'scrapy.downloadermiddlewares.httpproxy.HttpProxyMiddleware',
 'scrapy.downloadermiddlewares.stats.DownloaderStats']
2025-03-29 09:07:45 [scrapy.middleware] INFO: Enabled spider middlewares:
['scrapy.spidermiddlewares.httperror.HttpErrorMiddleware',
 'scrapy.spidermiddlewares.referer.RefererMiddleware',
 'scrapy.spidermiddlewares.urllength.UrlLengthMiddleware',
 'scrapy.spidermiddlewares.depth.DepthMiddleware']
2025-03-29 09:07:45 [scrapy.middleware] INFO: Enabled item pipelines:
[]
2025-03-29 09:07:45 [scrapy.core.engine] INFO: Spider opened
2025-03-29 09:07:45 [scrapy.extensions.logstats] INFO: Crawled 0 pages (at 0 pages/min), scraped 0 items (at 0 items/min)
2025-03-29 09:07:45 [scrapy.extensions.telnet] INFO: Telnet console listening on 127.0.0.1:6023
2025-03-29 09:07:45 [scrapy.core.engine] DEBUG: Crawled (200) <GET https://sc.chinaz.com/tupian/laohutupian.html> (referer: None)
2025-03-29 09:08:06 [scrapy.core.engine] DEBUG: Crawled (200) <GET https://sc.chinaz.com/tupian/laohutupian_2.html> (referer: https://sc.chinaz.com/tupian/laohutupian.html)
2025-03-29 09:08:20 [scrapy.core.engine] DEBUG: Crawled (200) <GET https://sc.chinaz.com/tupian/laohutupian_3.html> (referer: https://sc.chinaz.com/tupian/laohutupian_2.html)
2025-03-29 09:08:35 [scrapy.core.engine] DEBUG: Crawled (200) <GET https://sc.chinaz.com/tupian/laohutupian_4.html> (referer: https://sc.chinaz.com/tupian/laohutupian_3.html)
2025-03-29 09:08:47 [scrapy.extensions.logstats] INFO: Crawled 4 pages (at 4 pages/min), scraped 0 items (at 0 items/min)
2025-03-29 09:08:47 [scrapy.core.engine] DEBUG: Crawled (200) <GET https://sc.chinaz.com/tupian/laohutupian_5.html> (referer: https://sc.chinaz.com/tupian/laohutupian_4.html)
2025-03-29 09:09:02 [scrapy.core.engine] INFO: Closing spider (finished)
2025-03-29 09:09:02 [scrapy.statscollectors] INFO: Dumping Scrapy stats:
{'downloader/request_bytes': 1473,
 'downloader/request_count': 5,
 'downloader/request_method_count/GET': 5,
 'downloader/response_bytes': 32189,
 'downloader/response_count': 5,
 'downloader/response_status_count/200': 5,
 'elapsed_time_seconds': 77.540234,
 'finish_reason': 'finished',
 'finish_time': datetime.datetime(2025, 3, 29, 1, 9, 2, 853504, tzinfo=datetime.timezone.utc),
 'httpcompression/response_bytes': 178889,
 'httpcompression/response_count': 5,
 'items_per_minute': None,
 'log_count/DEBUG': 10,
 'log_count/INFO': 11,
 'request_depth_max': 4,
 'response_received_count': 5,
 'responses_per_minute': None,
 'scheduler/dequeued': 5,
 'scheduler/dequeued/memory': 5,
 'scheduler/enqueued': 5,
 'scheduler/enqueued/memory': 5,
 'start_time': datetime.datetime(2025, 3, 29, 1, 7, 45, 313270, tzinfo=datetime.timezone.utc)}
2025-03-29 09:09:02 [scrapy.core.engine] INFO: Spider closed (finished)
2025-03-29 09:10:45 [scrapy.utils.log] INFO: Scrapy 2.12.0 started (bot: yolov8)
2025-03-29 09:10:45 [scrapy.utils.log] INFO: Versions: lxml 5.3.0.0, libxml2 2.11.7, cssselect 1.2.0, parsel 1.10.0, w3lib 2.3.1, Twisted 24.11.0, Python 3.12.6 (tags/v3.12.6:a4a2d2b, Sep  6 2024, 20:11:23) [MSC v.1940 64 bit (AMD64)], pyOpenSSL 25.0.0 (OpenSSL 3.4.1 11 Feb 2025), cryptography 44.0.1, Platform Windows-11-10.0.26100-SP0
2025-03-29 09:10:45 [scrapy.addons] INFO: Enabled addons:
[]
2025-03-29 09:10:45 [asyncio] DEBUG: Using selector: SelectSelector
2025-03-29 09:10:45 [scrapy.utils.log] DEBUG: Using reactor: twisted.internet.asyncioreactor.AsyncioSelectorReactor
2025-03-29 09:10:45 [scrapy.utils.log] DEBUG: Using asyncio event loop: asyncio.windows_events._WindowsSelectorEventLoop
2025-03-29 09:10:45 [scrapy.utils.log] DEBUG: Using reactor: twisted.internet.asyncioreactor.AsyncioSelectorReactor
2025-03-29 09:10:45 [scrapy.utils.log] DEBUG: Using asyncio event loop: asyncio.windows_events._WindowsSelectorEventLoop
2025-03-29 09:10:45 [scrapy.extensions.telnet] INFO: Telnet Password: abac0f1519f3e54b
2025-03-29 09:10:45 [scrapy.middleware] INFO: Enabled extensions:
['scrapy.extensions.corestats.CoreStats',
 'scrapy.extensions.telnet.TelnetConsole',
 'scrapy.extensions.logstats.LogStats']
2025-03-29 09:10:45 [scrapy.crawler] INFO: Overridden settings:
{'BOT_NAME': 'yolov8',
 'FEED_EXPORT_ENCODING': 'utf-8',
 'LOG_FILE': 'tupian.log',
 'NEWSPIDER_MODULE': 'yolov8.spiders',
 'SPIDER_MODULES': ['yolov8.spiders'],
 'TWISTED_REACTOR': 'twisted.internet.asyncioreactor.AsyncioSelectorReactor'}
2025-03-29 09:10:45 [scrapy.middleware] INFO: Enabled downloader middlewares:
['scrapy.downloadermiddlewares.offsite.OffsiteMiddleware',
 'scrapy.downloadermiddlewares.httpauth.HttpAuthMiddleware',
 'scrapy.downloadermiddlewares.downloadtimeout.DownloadTimeoutMiddleware',
 'scrapy.downloadermiddlewares.defaultheaders.DefaultHeadersMiddleware',
 'scrapy.downloadermiddlewares.useragent.UserAgentMiddleware',
 'scrapy.downloadermiddlewares.retry.RetryMiddleware',
 'scrapy.downloadermiddlewares.redirect.MetaRefreshMiddleware',
 'scrapy.downloadermiddlewares.httpcompression.HttpCompressionMiddleware',
 'scrapy.downloadermiddlewares.redirect.RedirectMiddleware',
 'scrapy.downloadermiddlewares.cookies.CookiesMiddleware',
 'scrapy.downloadermiddlewares.httpproxy.HttpProxyMiddleware',
 'scrapy.downloadermiddlewares.stats.DownloaderStats']
2025-03-29 09:10:45 [scrapy.middleware] INFO: Enabled spider middlewares:
['scrapy.spidermiddlewares.httperror.HttpErrorMiddleware',
 'scrapy.spidermiddlewares.referer.RefererMiddleware',
 'scrapy.spidermiddlewares.urllength.UrlLengthMiddleware',
 'scrapy.spidermiddlewares.depth.DepthMiddleware']
2025-03-29 09:10:45 [scrapy.middleware] INFO: Enabled item pipelines:
[]
2025-03-29 09:10:45 [scrapy.core.engine] INFO: Spider opened
2025-03-29 09:10:45 [scrapy.extensions.logstats] INFO: Crawled 0 pages (at 0 pages/min), scraped 0 items (at 0 items/min)
2025-03-29 09:10:45 [scrapy.extensions.telnet] INFO: Telnet console listening on 127.0.0.1:6023
2025-03-29 09:10:46 [scrapy.core.engine] DEBUG: Crawled (200) <GET https://sc.chinaz.com/tupian/tuzitupian.html> (referer: None)
2025-03-29 09:11:01 [scrapy.core.engine] DEBUG: Crawled (200) <GET https://sc.chinaz.com/tupian/tuzitupian_2.html> (referer: https://sc.chinaz.com/tupian/tuzitupian.html)
2025-03-29 09:11:20 [scrapy.core.engine] DEBUG: Crawled (200) <GET https://sc.chinaz.com/tupian/tuzitupian_3.html> (referer: https://sc.chinaz.com/tupian/tuzitupian_2.html)
2025-03-29 09:11:32 [scrapy.core.engine] DEBUG: Crawled (200) <GET https://sc.chinaz.com/tupian/tuzitupian_4.html> (referer: https://sc.chinaz.com/tupian/tuzitupian_3.html)
2025-03-29 09:11:47 [scrapy.extensions.logstats] INFO: Crawled 4 pages (at 4 pages/min), scraped 0 items (at 0 items/min)
2025-03-29 09:11:47 [scrapy.core.engine] DEBUG: Crawled (200) <GET https://sc.chinaz.com/tupian/tuzitupian_5.html> (referer: https://sc.chinaz.com/tupian/tuzitupian_4.html)
2025-03-29 09:12:01 [scrapy.core.engine] INFO: Closing spider (finished)
2025-03-29 09:12:01 [scrapy.statscollectors] INFO: Dumping Scrapy stats:
{'downloader/request_bytes': 1464,
 'downloader/request_count': 5,
 'downloader/request_method_count/GET': 5,
 'downloader/response_bytes': 32011,
 'downloader/response_count': 5,
 'downloader/response_status_count/200': 5,
 'elapsed_time_seconds': 76.13241,
 'finish_reason': 'finished',
 'finish_time': datetime.datetime(2025, 3, 29, 1, 12, 1, 961962, tzinfo=datetime.timezone.utc),
 'httpcompression/response_bytes': 177765,
 'httpcompression/response_count': 5,
 'items_per_minute': None,
 'log_count/DEBUG': 10,
 'log_count/INFO': 11,
 'request_depth_max': 4,
 'response_received_count': 5,
 'responses_per_minute': None,
 'scheduler/dequeued': 5,
 'scheduler/dequeued/memory': 5,
 'scheduler/enqueued': 5,
 'scheduler/enqueued/memory': 5,
 'start_time': datetime.datetime(2025, 3, 29, 1, 10, 45, 829552, tzinfo=datetime.timezone.utc)}
2025-03-29 09:12:01 [scrapy.core.engine] INFO: Spider closed (finished)
2025-04-01 15:14:26 [scrapy.utils.log] INFO: Scrapy 2.12.0 started (bot: yolov8)
2025-04-01 15:14:26 [scrapy.utils.log] INFO: Versions: lxml 5.3.0.0, libxml2 2.11.7, cssselect 1.2.0, parsel 1.10.0, w3lib 2.3.1, Twisted 24.11.0, Python 3.12.6 (tags/v3.12.6:a4a2d2b, Sep  6 2024, 20:11:23) [MSC v.1940 64 bit (AMD64)], pyOpenSSL 25.0.0 (OpenSSL 3.4.1 11 Feb 2025), cryptography 44.0.1, Platform Windows-11-10.0.26100-SP0
2025-04-01 15:14:26 [scrapy.addons] INFO: Enabled addons:
[]
2025-04-01 15:14:26 [asyncio] DEBUG: Using selector: SelectSelector
2025-04-01 15:14:26 [scrapy.utils.log] DEBUG: Using reactor: twisted.internet.asyncioreactor.AsyncioSelectorReactor
2025-04-01 15:14:26 [scrapy.utils.log] DEBUG: Using asyncio event loop: asyncio.windows_events._WindowsSelectorEventLoop
2025-04-01 15:14:26 [scrapy.utils.log] DEBUG: Using reactor: twisted.internet.asyncioreactor.AsyncioSelectorReactor
2025-04-01 15:14:26 [scrapy.utils.log] DEBUG: Using asyncio event loop: asyncio.windows_events._WindowsSelectorEventLoop
2025-04-01 15:14:26 [scrapy.extensions.telnet] INFO: Telnet Password: ce8b5cff62734bd6
2025-04-01 15:14:26 [scrapy.middleware] INFO: Enabled extensions:
['scrapy.extensions.corestats.CoreStats',
 'scrapy.extensions.telnet.TelnetConsole',
 'scrapy.extensions.logstats.LogStats']
2025-04-01 15:14:26 [scrapy.crawler] INFO: Overridden settings:
{'BOT_NAME': 'yolov8',
 'FEED_EXPORT_ENCODING': 'utf-8',
 'LOG_FILE': 'tupian.log',
 'NEWSPIDER_MODULE': 'yolov8.spiders',
 'SPIDER_MODULES': ['yolov8.spiders'],
 'TWISTED_REACTOR': 'twisted.internet.asyncioreactor.AsyncioSelectorReactor'}
2025-04-01 15:14:27 [scrapy.middleware] INFO: Enabled downloader middlewares:
['scrapy.downloadermiddlewares.offsite.OffsiteMiddleware',
 'scrapy.downloadermiddlewares.httpauth.HttpAuthMiddleware',
 'scrapy.downloadermiddlewares.downloadtimeout.DownloadTimeoutMiddleware',
 'scrapy.downloadermiddlewares.defaultheaders.DefaultHeadersMiddleware',
 'scrapy.downloadermiddlewares.useragent.UserAgentMiddleware',
 'scrapy.downloadermiddlewares.retry.RetryMiddleware',
 'scrapy.downloadermiddlewares.redirect.MetaRefreshMiddleware',
 'scrapy.downloadermiddlewares.httpcompression.HttpCompressionMiddleware',
 'scrapy.downloadermiddlewares.redirect.RedirectMiddleware',
 'scrapy.downloadermiddlewares.cookies.CookiesMiddleware',
 'scrapy.downloadermiddlewares.httpproxy.HttpProxyMiddleware',
 'scrapy.downloadermiddlewares.stats.DownloaderStats']
2025-04-01 15:14:27 [scrapy.middleware] INFO: Enabled spider middlewares:
['scrapy.spidermiddlewares.httperror.HttpErrorMiddleware',
 'scrapy.spidermiddlewares.referer.RefererMiddleware',
 'scrapy.spidermiddlewares.urllength.UrlLengthMiddleware',
 'scrapy.spidermiddlewares.depth.DepthMiddleware']
2025-04-01 15:14:27 [scrapy.middleware] INFO: Enabled item pipelines:
[]
2025-04-01 15:14:27 [scrapy.core.engine] INFO: Spider opened
2025-04-01 15:14:27 [scrapy.extensions.logstats] INFO: Crawled 0 pages (at 0 pages/min), scraped 0 items (at 0 items/min)
2025-04-01 15:14:27 [scrapy.extensions.telnet] INFO: Telnet console listening on 127.0.0.1:6023
2025-04-01 15:14:27 [scrapy.core.engine] DEBUG: Crawled (200) <GET https://sc.chinaz.com/tupian/tuzitupian_5.html> (referer: None)
2025-04-01 15:14:40 [scrapy.core.engine] DEBUG: Crawled (200) <GET https://sc.chinaz.com/tupian/tuzitupian_6.html> (referer: https://sc.chinaz.com/tupian/tuzitupian_5.html)
2025-04-01 15:14:54 [scrapy.downloadermiddlewares.redirect] DEBUG: Redirecting (meta refresh) to <GET http://sc.chinaz.com> from <GET https://sc.chinaz.com/tupian/tuzitupian_7.html>
2025-04-01 15:14:54 [scrapy.downloadermiddlewares.redirect] DEBUG: Redirecting (301) to <GET https://sc.chinaz.com:443/> from <GET http://sc.chinaz.com>
2025-04-01 15:14:54 [scrapy.core.engine] DEBUG: Crawled (200) <GET https://sc.chinaz.com:443/> (referer: None)
2025-04-01 15:14:55 [scrapy.core.engine] INFO: Closing spider (finished)
2025-04-01 15:14:55 [scrapy.statscollectors] INFO: Dumping Scrapy stats:
{'downloader/request_bytes': 1306,
 'downloader/request_count': 5,
 'downloader/request_method_count/GET': 5,
 'downloader/response_bytes': 29263,
 'downloader/response_count': 5,
 'downloader/response_status_count/200': 3,
 'downloader/response_status_count/301': 1,
 'downloader/response_status_count/404': 1,
 'elapsed_time_seconds': 28.054382,
 'finish_reason': 'finished',
 'finish_time': datetime.datetime(2025, 4, 1, 7, 14, 55, 84169, tzinfo=datetime.timezone.utc),
 'httpcompression/response_bytes': 130461,
 'httpcompression/response_count': 3,
 'items_per_minute': None,
 'log_count/DEBUG': 10,
 'log_count/INFO': 10,
 'request_depth_max': 2,
 'response_received_count': 3,
 'responses_per_minute': None,
 'scheduler/dequeued': 5,
 'scheduler/dequeued/memory': 5,
 'scheduler/enqueued': 5,
 'scheduler/enqueued/memory': 5,
 'start_time': datetime.datetime(2025, 4, 1, 7, 14, 27, 29787, tzinfo=datetime.timezone.utc)}
2025-04-01 15:14:55 [scrapy.core.engine] INFO: Spider closed (finished)
2025-04-01 15:19:53 [scrapy.utils.log] INFO: Scrapy 2.12.0 started (bot: yolov8)
2025-04-01 15:19:53 [scrapy.utils.log] INFO: Versions: lxml 5.3.0.0, libxml2 2.11.7, cssselect 1.2.0, parsel 1.10.0, w3lib 2.3.1, Twisted 24.11.0, Python 3.12.6 (tags/v3.12.6:a4a2d2b, Sep  6 2024, 20:11:23) [MSC v.1940 64 bit (AMD64)], pyOpenSSL 25.0.0 (OpenSSL 3.4.1 11 Feb 2025), cryptography 44.0.1, Platform Windows-11-10.0.26100-SP0
2025-04-01 15:19:53 [scrapy.addons] INFO: Enabled addons:
[]
2025-04-01 15:19:53 [asyncio] DEBUG: Using selector: SelectSelector
2025-04-01 15:19:53 [scrapy.utils.log] DEBUG: Using reactor: twisted.internet.asyncioreactor.AsyncioSelectorReactor
2025-04-01 15:19:53 [scrapy.utils.log] DEBUG: Using asyncio event loop: asyncio.windows_events._WindowsSelectorEventLoop
2025-04-01 15:19:53 [scrapy.utils.log] DEBUG: Using reactor: twisted.internet.asyncioreactor.AsyncioSelectorReactor
2025-04-01 15:19:53 [scrapy.utils.log] DEBUG: Using asyncio event loop: asyncio.windows_events._WindowsSelectorEventLoop
2025-04-01 15:19:53 [scrapy.extensions.telnet] INFO: Telnet Password: 04dcc975eca55b5f
2025-04-01 15:19:53 [scrapy.middleware] INFO: Enabled extensions:
['scrapy.extensions.corestats.CoreStats',
 'scrapy.extensions.telnet.TelnetConsole',
 'scrapy.extensions.logstats.LogStats']
2025-04-01 15:19:53 [scrapy.crawler] INFO: Overridden settings:
{'BOT_NAME': 'yolov8',
 'FEED_EXPORT_ENCODING': 'utf-8',
 'LOG_FILE': 'tupian.log',
 'NEWSPIDER_MODULE': 'yolov8.spiders',
 'SPIDER_MODULES': ['yolov8.spiders'],
 'TWISTED_REACTOR': 'twisted.internet.asyncioreactor.AsyncioSelectorReactor'}
2025-04-01 15:19:53 [scrapy.middleware] INFO: Enabled downloader middlewares:
['scrapy.downloadermiddlewares.offsite.OffsiteMiddleware',
 'scrapy.downloadermiddlewares.httpauth.HttpAuthMiddleware',
 'scrapy.downloadermiddlewares.downloadtimeout.DownloadTimeoutMiddleware',
 'scrapy.downloadermiddlewares.defaultheaders.DefaultHeadersMiddleware',
 'scrapy.downloadermiddlewares.useragent.UserAgentMiddleware',
 'scrapy.downloadermiddlewares.retry.RetryMiddleware',
 'scrapy.downloadermiddlewares.redirect.MetaRefreshMiddleware',
 'scrapy.downloadermiddlewares.httpcompression.HttpCompressionMiddleware',
 'scrapy.downloadermiddlewares.redirect.RedirectMiddleware',
 'scrapy.downloadermiddlewares.cookies.CookiesMiddleware',
 'scrapy.downloadermiddlewares.httpproxy.HttpProxyMiddleware',
 'scrapy.downloadermiddlewares.stats.DownloaderStats']
2025-04-01 15:19:53 [scrapy.middleware] INFO: Enabled spider middlewares:
['scrapy.spidermiddlewares.httperror.HttpErrorMiddleware',
 'scrapy.spidermiddlewares.referer.RefererMiddleware',
 'scrapy.spidermiddlewares.urllength.UrlLengthMiddleware',
 'scrapy.spidermiddlewares.depth.DepthMiddleware']
2025-04-01 15:19:53 [scrapy.middleware] INFO: Enabled item pipelines:
[]
2025-04-01 15:19:53 [scrapy.core.engine] INFO: Spider opened
2025-04-01 15:19:53 [scrapy.extensions.logstats] INFO: Crawled 0 pages (at 0 pages/min), scraped 0 items (at 0 items/min)
2025-04-01 15:19:53 [scrapy.extensions.telnet] INFO: Telnet console listening on 127.0.0.1:6023
2025-04-01 15:19:53 [scrapy.core.engine] DEBUG: Crawled (200) <GET https://sc.chinaz.com/tupian/madetupian_7.html> (referer: None)
2025-04-01 15:20:06 [scrapy.core.engine] DEBUG: Crawled (200) <GET https://sc.chinaz.com/tupian/madetupian_8.html> (referer: https://sc.chinaz.com/tupian/madetupian_7.html)
2025-04-01 15:20:22 [scrapy.core.engine] DEBUG: Crawled (200) <GET https://sc.chinaz.com/tupian/madetupian_9.html> (referer: https://sc.chinaz.com/tupian/madetupian_8.html)
2025-04-01 15:20:28 [scrapy.downloadermiddlewares.redirect] DEBUG: Redirecting (meta refresh) to <GET http://sc.chinaz.com> from <GET https://sc.chinaz.com/tupian/madetupian_10.html>
2025-04-01 15:20:28 [scrapy.downloadermiddlewares.redirect] DEBUG: Redirecting (301) to <GET https://sc.chinaz.com:443/> from <GET http://sc.chinaz.com>
2025-04-01 15:20:28 [scrapy.core.engine] DEBUG: Crawled (200) <GET https://sc.chinaz.com:443/> (referer: None)
2025-04-01 15:20:28 [scrapy.core.engine] INFO: Closing spider (finished)
2025-04-01 15:20:28 [scrapy.statscollectors] INFO: Dumping Scrapy stats:
{'downloader/request_bytes': 1612,
 'downloader/request_count': 6,
 'downloader/request_method_count/GET': 6,
 'downloader/response_bytes': 34823,
 'downloader/response_count': 6,
 'downloader/response_status_count/200': 4,
 'downloader/response_status_count/301': 1,
 'downloader/response_status_count/404': 1,
 'elapsed_time_seconds': 35.178928,
 'finish_reason': 'finished',
 'finish_time': datetime.datetime(2025, 4, 1, 7, 20, 28, 817068, tzinfo=datetime.timezone.utc),
 'httpcompression/response_bytes': 154414,
 'httpcompression/response_count': 4,
 'items_per_minute': None,
 'log_count/DEBUG': 11,
 'log_count/INFO': 10,
 'request_depth_max': 3,
 'response_received_count': 4,
 'responses_per_minute': None,
 'scheduler/dequeued': 6,
 'scheduler/dequeued/memory': 6,
 'scheduler/enqueued': 6,
 'scheduler/enqueued/memory': 6,
 'start_time': datetime.datetime(2025, 4, 1, 7, 19, 53, 638140, tzinfo=datetime.timezone.utc)}
2025-04-01 15:20:28 [scrapy.core.engine] INFO: Spider closed (finished)
